{"level":"info","service":"weather","time":"2023-03-08T18:15:10+06:00","caller":"/home/pavel/CODE/playstar-test/weather_service/internal/handler/handler.go:34","message":"get weather handler"}
{"level":"error","service":"weather","error":"expected values are in [-180, 180] range","time":"2023-03-08T18:15:10+06:00","caller":"/home/pavel/CODE/playstar-test/weather_service/internal/handler/handler.go:40","message":"coordinates incorrect"}
{"level":"info","service":"weather","time":"2023-03-08T18:15:26+06:00","caller":"/home/pavel/CODE/playstar-test/weather_service/internal/handler/handler.go:34","message":"get weather handler"}
{"level":"error","service":"weather","error":"expected values are in [-180, 180] range","time":"2023-03-08T18:15:26+06:00","caller":"/home/pavel/CODE/playstar-test/weather_service/internal/handler/handler.go:40","message":"coordinates incorrect"}
{"level":"info","service":"weather","time":"2023-03-08T18:16:53+06:00","caller":"/home/pavel/CODE/playstar-test/weather_service/internal/handler/handler.go:34","message":"get weather handler"}
{"level":"error","service":"weather","error":"expected values are in [-180, 180] range","time":"2023-03-08T18:16:53+06:00","caller":"/home/pavel/CODE/playstar-test/weather_service/internal/handler/handler.go:40","message":"coordinates incorrect"}
{"level":"fatal","service":"weather","error":"Exception (504) Reason: \"channel/connection is not open\"","time":"2023-03-08T18:19:53+06:00","caller":"/home/pavel/CODE/playstar-test/weather_service/cmd/main.go:118","message":"fatal in closing mq channel connection"}
{"level":"info","service":"weather","time":"2023-03-08T23:18:15+06:00","caller":"/home/pavel/CODE/playstar-test/weather_service/cmd/main.go:126","message":"server stopped"}
{"level":"info","service":"weather","time":"2023-03-08T23:18:16+06:00","caller":"/home/pavel/CODE/playstar-test/weather_service/cmd/main.go:106","message":"server started on: :8282"}
{"level":"info","service":"weather","time":"2023-03-08T23:27:00+06:00","caller":"/home/pavel/CODE/playstar-test/weather_service/cmd/main.go:126","message":"server stopped"}
{"level":"info","service":"weather","time":"2023-03-08T23:27:01+06:00","caller":"/home/pavel/CODE/playstar-test/weather_service/cmd/main.go:106","message":"server started on: :8282"}
{"level":"info","service":"weather","time":"2023-03-08T23:27:07+06:00","caller":"/home/pavel/CODE/playstar-test/weather_service/internal/handler/handler.go:34","message":"get weather handler"}
{"level":"error","service":"weather","error":"weather client - do request - failed in making request to weather api","time":"2023-03-08T23:27:08+06:00","caller":"/home/pavel/CODE/playstar-test/weather_service/internal/handler/handler.go:55","message":"something went wrong in getting weather by city"}
{"level":"info","service":"weather","time":"2023-03-08T23:28:39+06:00","caller":"/home/pavel/CODE/playstar-test/weather_service/internal/handler/handler.go:34","message":"get weather handler"}
{"level":"error","service":"weather","error":"weather client - do request - failed in making request to weather api","time":"2023-03-08T23:28:40+06:00","caller":"/home/pavel/CODE/playstar-test/weather_service/internal/handler/handler.go:55","message":"something went wrong in getting weather by city"}
{"level":"info","service":"weather","time":"2023-03-08T23:29:35+06:00","caller":"/home/pavel/CODE/playstar-test/weather_service/internal/handler/handler.go:34","message":"get weather handler"}
{"level":"error","service":"weather","error":"weather client - do request - failed in making request to weather api","time":"2023-03-08T23:29:35+06:00","caller":"/home/pavel/CODE/playstar-test/weather_service/internal/handler/handler.go:55","message":"something went wrong in getting weather by city"}
{"level":"info","service":"weather","time":"2023-03-08T23:29:47+06:00","caller":"/home/pavel/CODE/playstar-test/weather_service/internal/handler/handler.go:34","message":"get weather handler"}
{"level":"error","service":"weather","error":"expected values are in [-90, 90] range","time":"2023-03-08T23:29:47+06:00","caller":"/home/pavel/CODE/playstar-test/weather_service/internal/handler/handler.go:40","message":"coordinates incorrect"}
{"level":"info","service":"weather","time":"2023-03-08T23:30:03+06:00","caller":"/home/pavel/CODE/playstar-test/weather_service/cmd/main.go:126","message":"server stopped"}
